<?xml version="1.0" encoding="UTF-8"?>
<testsuite xmlns:xsi="http://www.w3.org/2001/XMLSchema-instance" xsi:noNamespaceSchemaLocation="https://maven.apache.org/surefire/maven-surefire-plugin/xsd/surefire-test-report-3.0.xsd" version="3.0" name="com.bitcoiin.api.service.ApplicationTest" time="0.524" tests="1" errors="0" skipped="0" failures="0">
  <properties>
    <property name="java.specification.version" value="19"/>
    <property name="sun.jnu.encoding" value="UTF-8"/>
    <property name="java.class.path" value="/Users/ceofun/IdeaProjects/bitcoiin.net/api/target/test-classes:/Users/ceofun/IdeaProjects/bitcoiin.net/api/target/classes:/Users/ceofun/.m2/repository/com/amazonaws/aws-lambda-java-core/1.2.2/aws-lambda-java-core-1.2.2.jar:/Users/ceofun/.m2/repository/com/amazonaws/aws-java-sdk-lambda/1.12.468/aws-java-sdk-lambda-1.12.468.jar:/Users/ceofun/.m2/repository/com/amazonaws/aws-java-sdk-core/1.12.468/aws-java-sdk-core-1.12.468.jar:/Users/ceofun/.m2/repository/commons-logging/commons-logging/1.1.3/commons-logging-1.1.3.jar:/Users/ceofun/.m2/repository/commons-codec/commons-codec/1.15/commons-codec-1.15.jar:/Users/ceofun/.m2/repository/org/apache/httpcomponents/httpclient/4.5.13/httpclient-4.5.13.jar:/Users/ceofun/.m2/repository/org/apache/httpcomponents/httpcore/4.4.13/httpcore-4.4.13.jar:/Users/ceofun/.m2/repository/software/amazon/ion/ion-java/1.0.2/ion-java-1.0.2.jar:/Users/ceofun/.m2/repository/com/fasterxml/jackson/core/jackson-databind/2.12.7.1/jackson-databind-2.12.7.1.jar:/Users/ceofun/.m2/repository/com/fasterxml/jackson/core/jackson-annotations/2.12.7/jackson-annotations-2.12.7.jar:/Users/ceofun/.m2/repository/com/fasterxml/jackson/core/jackson-core/2.12.7/jackson-core-2.12.7.jar:/Users/ceofun/.m2/repository/com/fasterxml/jackson/dataformat/jackson-dataformat-cbor/2.12.6/jackson-dataformat-cbor-2.12.6.jar:/Users/ceofun/.m2/repository/joda-time/joda-time/2.8.1/joda-time-2.8.1.jar:/Users/ceofun/.m2/repository/com/amazonaws/jmespath-java/1.12.468/jmespath-java-1.12.468.jar:/Users/ceofun/.m2/repository/com/amazonaws/aws-java-sdk-secretsmanager/1.12.468/aws-java-sdk-secretsmanager-1.12.468.jar:/Users/ceofun/.m2/repository/org/junit/jupiter/junit-jupiter-engine/5.9.2/junit-jupiter-engine-5.9.2.jar:/Users/ceofun/.m2/repository/org/junit/platform/junit-platform-engine/1.9.2/junit-platform-engine-1.9.2.jar:/Users/ceofun/.m2/repository/org/opentest4j/opentest4j/1.2.0/opentest4j-1.2.0.jar:/Users/ceofun/.m2/repository/org/junit/platform/junit-platform-commons/1.9.2/junit-platform-commons-1.9.2.jar:/Users/ceofun/.m2/repository/org/junit/jupiter/junit-jupiter-api/5.9.2/junit-jupiter-api-5.9.2.jar:/Users/ceofun/.m2/repository/org/apiguardian/apiguardian-api/1.1.2/apiguardian-api-1.1.2.jar:/Users/ceofun/.m2/repository/org/mockito/mockito-junit-jupiter/5.2.0/mockito-junit-jupiter-5.2.0.jar:/Users/ceofun/.m2/repository/org/mockito/mockito-core/5.2.0/mockito-core-5.2.0.jar:/Users/ceofun/.m2/repository/net/bytebuddy/byte-buddy/1.14.1/byte-buddy-1.14.1.jar:/Users/ceofun/.m2/repository/net/bytebuddy/byte-buddy-agent/1.14.1/byte-buddy-agent-1.14.1.jar:/Users/ceofun/.m2/repository/org/objenesis/objenesis/3.3/objenesis-3.3.jar:"/>
    <property name="java.vm.vendor" value="Homebrew"/>
    <property name="sun.arch.data.model" value="64"/>
    <property name="java.vendor.url" value="https://github.com/Homebrew/homebrew-core/issues"/>
    <property name="user.timezone" value="America/Phoenix"/>
    <property name="os.name" value="Mac OS X"/>
    <property name="java.vm.specification.version" value="19"/>
    <property name="sun.java.launcher" value="SUN_STANDARD"/>
    <property name="user.country" value="US"/>
    <property name="sun.boot.library.path" value="/opt/homebrew/Cellar/openjdk/19.0.2/libexec/openjdk.jdk/Contents/Home/lib"/>
    <property name="sun.java.command" value="/Users/ceofun/IdeaProjects/bitcoiin.net/api/target/surefire/surefirebooter-20230513095024923_3.jar /Users/ceofun/IdeaProjects/bitcoiin.net/api/target/surefire 2023-05-13T09-50-23_619-jvmRun1 surefire-20230513095024923_1tmp surefire_0-20230513095024923_2tmp"/>
    <property name="http.nonProxyHosts" value="local|*.local|169.254/16|*.169.254/16"/>
    <property name="jdk.debug" value="release"/>
    <property name="surefire.test.class.path" value="/Users/ceofun/IdeaProjects/bitcoiin.net/api/target/test-classes:/Users/ceofun/IdeaProjects/bitcoiin.net/api/target/classes:/Users/ceofun/.m2/repository/com/amazonaws/aws-lambda-java-core/1.2.2/aws-lambda-java-core-1.2.2.jar:/Users/ceofun/.m2/repository/com/amazonaws/aws-java-sdk-lambda/1.12.468/aws-java-sdk-lambda-1.12.468.jar:/Users/ceofun/.m2/repository/com/amazonaws/aws-java-sdk-core/1.12.468/aws-java-sdk-core-1.12.468.jar:/Users/ceofun/.m2/repository/commons-logging/commons-logging/1.1.3/commons-logging-1.1.3.jar:/Users/ceofun/.m2/repository/commons-codec/commons-codec/1.15/commons-codec-1.15.jar:/Users/ceofun/.m2/repository/org/apache/httpcomponents/httpclient/4.5.13/httpclient-4.5.13.jar:/Users/ceofun/.m2/repository/org/apache/httpcomponents/httpcore/4.4.13/httpcore-4.4.13.jar:/Users/ceofun/.m2/repository/software/amazon/ion/ion-java/1.0.2/ion-java-1.0.2.jar:/Users/ceofun/.m2/repository/com/fasterxml/jackson/core/jackson-databind/2.12.7.1/jackson-databind-2.12.7.1.jar:/Users/ceofun/.m2/repository/com/fasterxml/jackson/core/jackson-annotations/2.12.7/jackson-annotations-2.12.7.jar:/Users/ceofun/.m2/repository/com/fasterxml/jackson/core/jackson-core/2.12.7/jackson-core-2.12.7.jar:/Users/ceofun/.m2/repository/com/fasterxml/jackson/dataformat/jackson-dataformat-cbor/2.12.6/jackson-dataformat-cbor-2.12.6.jar:/Users/ceofun/.m2/repository/joda-time/joda-time/2.8.1/joda-time-2.8.1.jar:/Users/ceofun/.m2/repository/com/amazonaws/jmespath-java/1.12.468/jmespath-java-1.12.468.jar:/Users/ceofun/.m2/repository/com/amazonaws/aws-java-sdk-secretsmanager/1.12.468/aws-java-sdk-secretsmanager-1.12.468.jar:/Users/ceofun/.m2/repository/org/junit/jupiter/junit-jupiter-engine/5.9.2/junit-jupiter-engine-5.9.2.jar:/Users/ceofun/.m2/repository/org/junit/platform/junit-platform-engine/1.9.2/junit-platform-engine-1.9.2.jar:/Users/ceofun/.m2/repository/org/opentest4j/opentest4j/1.2.0/opentest4j-1.2.0.jar:/Users/ceofun/.m2/repository/org/junit/platform/junit-platform-commons/1.9.2/junit-platform-commons-1.9.2.jar:/Users/ceofun/.m2/repository/org/junit/jupiter/junit-jupiter-api/5.9.2/junit-jupiter-api-5.9.2.jar:/Users/ceofun/.m2/repository/org/apiguardian/apiguardian-api/1.1.2/apiguardian-api-1.1.2.jar:/Users/ceofun/.m2/repository/org/mockito/mockito-junit-jupiter/5.2.0/mockito-junit-jupiter-5.2.0.jar:/Users/ceofun/.m2/repository/org/mockito/mockito-core/5.2.0/mockito-core-5.2.0.jar:/Users/ceofun/.m2/repository/net/bytebuddy/byte-buddy/1.14.1/byte-buddy-1.14.1.jar:/Users/ceofun/.m2/repository/net/bytebuddy/byte-buddy-agent/1.14.1/byte-buddy-agent-1.14.1.jar:/Users/ceofun/.m2/repository/org/objenesis/objenesis/3.3/objenesis-3.3.jar:"/>
    <property name="sun.cpu.endian" value="little"/>
    <property name="user.home" value="/Users/ceofun"/>
    <property name="user.language" value="en"/>
    <property name="java.specification.vendor" value="Oracle Corporation"/>
    <property name="java.version.date" value="2023-01-17"/>
    <property name="java.home" value="/opt/homebrew/Cellar/openjdk/19.0.2/libexec/openjdk.jdk/Contents/Home"/>
    <property name="file.separator" value="/"/>
    <property name="basedir" value="/Users/ceofun/IdeaProjects/bitcoiin.net/api"/>
    <property name="java.vm.compressedOopsMode" value="Zero based"/>
    <property name="line.separator" value="&#10;"/>
    <property name="java.vm.specification.vendor" value="Oracle Corporation"/>
    <property name="java.specification.name" value="Java Platform API Specification"/>
    <property name="apple.awt.application.name" value="ForkedBooter"/>
    <property name="surefire.real.class.path" value="/Users/ceofun/IdeaProjects/bitcoiin.net/api/target/surefire/surefirebooter-20230513095024923_3.jar"/>
    <property name="sun.management.compiler" value="HotSpot 64-Bit Tiered Compilers"/>
    <property name="ftp.nonProxyHosts" value="local|*.local|169.254/16|*.169.254/16"/>
    <property name="java.runtime.version" value="19.0.2"/>
    <property name="user.name" value="ceofun"/>
    <property name="stdout.encoding" value="UTF-8"/>
    <property name="path.separator" value=":"/>
    <property name="os.version" value="13.2.1"/>
    <property name="java.runtime.name" value="OpenJDK Runtime Environment"/>
    <property name="file.encoding" value="UTF-8"/>
    <property name="java.vm.name" value="OpenJDK 64-Bit Server VM"/>
    <property name="java.vendor.version" value="Homebrew"/>
    <property name="localRepository" value="/Users/ceofun/.m2/repository"/>
    <property name="java.vendor.url.bug" value="https://github.com/Homebrew/homebrew-core/issues"/>
    <property name="java.io.tmpdir" value="/var/folders/j7/xj6hk3ls4lg5_vxk7bmy6sxw0000gn/T/"/>
    <property name="java.version" value="19.0.2"/>
    <property name="user.dir" value="/Users/ceofun/IdeaProjects/bitcoiin.net/api"/>
    <property name="os.arch" value="aarch64"/>
    <property name="java.vm.specification.name" value="Java Virtual Machine Specification"/>
    <property name="native.encoding" value="UTF-8"/>
    <property name="java.library.path" value="/Users/ceofun/Library/Java/Extensions:/Library/Java/Extensions:/Network/Library/Java/Extensions:/System/Library/Java/Extensions:/usr/lib/java:."/>
    <property name="java.vm.info" value="mixed mode, sharing"/>
    <property name="stderr.encoding" value="UTF-8"/>
    <property name="java.vendor" value="Homebrew"/>
    <property name="java.vm.version" value="19.0.2"/>
    <property name="sun.io.unicode.encoding" value="UnicodeBig"/>
    <property name="socksNonProxyHosts" value="local|*.local|169.254/16|*.169.254/16"/>
    <property name="java.class.version" value="63.0"/>
  </properties>
  <testcase name="testHandleRequest" classname="com.bitcoiin.api.service.ApplicationTest" time="0.523"/>
</testsuite>